<?xml version="1.0" encoding="UTF-8"?>
<testsuite xmlns:xsi="http://www.w3.org/2001/XMLSchema-instance" xsi:noNamespaceSchemaLocation="https://maven.apache.org/surefire/maven-surefire-plugin/xsd/surefire-test-report-3.0.xsd" version="3.0" name="com.snu.testing.SNULinksTests" time="11.734" tests="5" errors="0" skipped="0" failures="0">
  <properties>
    <property name="java.specification.version" value="23"/>
    <property name="sun.jnu.encoding" value="UTF-8"/>
    <property name="java.class.path" value="/Users/aaradhy_sharma/Desktop/spr25/swe/sel/snu-links-tests/target/test-classes:/Users/aaradhy_sharma/Desktop/spr25/swe/sel/snu-links-tests/target/classes:/Users/aaradhy_sharma/.m2/repository/org/seleniumhq/selenium/selenium-java/4.18.1/selenium-java-4.18.1.jar:/Users/aaradhy_sharma/.m2/repository/org/seleniumhq/selenium/selenium-api/4.18.1/selenium-api-4.18.1.jar:/Users/aaradhy_sharma/.m2/repository/org/seleniumhq/selenium/selenium-chrome-driver/4.18.1/selenium-chrome-driver-4.18.1.jar:/Users/aaradhy_sharma/.m2/repository/com/google/auto/service/auto-service-annotations/1.1.1/auto-service-annotations-1.1.1.jar:/Users/aaradhy_sharma/.m2/repository/org/seleniumhq/selenium/selenium-chromium-driver/4.18.1/selenium-chromium-driver-4.18.1.jar:/Users/aaradhy_sharma/.m2/repository/org/seleniumhq/selenium/selenium-json/4.18.1/selenium-json-4.18.1.jar:/Users/aaradhy_sharma/.m2/repository/org/seleniumhq/selenium/selenium-manager/4.18.1/selenium-manager-4.18.1.jar:/Users/aaradhy_sharma/.m2/repository/org/seleniumhq/selenium/selenium-devtools-v120/4.18.1/selenium-devtools-v120-4.18.1.jar:/Users/aaradhy_sharma/.m2/repository/org/seleniumhq/selenium/selenium-devtools-v121/4.18.1/selenium-devtools-v121-4.18.1.jar:/Users/aaradhy_sharma/.m2/repository/org/seleniumhq/selenium/selenium-devtools-v122/4.18.1/selenium-devtools-v122-4.18.1.jar:/Users/aaradhy_sharma/.m2/repository/org/seleniumhq/selenium/selenium-devtools-v85/4.18.1/selenium-devtools-v85-4.18.1.jar:/Users/aaradhy_sharma/.m2/repository/org/seleniumhq/selenium/selenium-edge-driver/4.18.1/selenium-edge-driver-4.18.1.jar:/Users/aaradhy_sharma/.m2/repository/org/seleniumhq/selenium/selenium-firefox-driver/4.18.1/selenium-firefox-driver-4.18.1.jar:/Users/aaradhy_sharma/.m2/repository/org/seleniumhq/selenium/selenium-http/4.18.1/selenium-http-4.18.1.jar:/Users/aaradhy_sharma/.m2/repository/dev/failsafe/failsafe/3.3.2/failsafe-3.3.2.jar:/Users/aaradhy_sharma/.m2/repository/org/seleniumhq/selenium/selenium-ie-driver/4.18.1/selenium-ie-driver-4.18.1.jar:/Users/aaradhy_sharma/.m2/repository/org/seleniumhq/selenium/selenium-remote-driver/4.18.1/selenium-remote-driver-4.18.1.jar:/Users/aaradhy_sharma/.m2/repository/com/google/guava/guava/33.0.0-jre/guava-33.0.0-jre.jar:/Users/aaradhy_sharma/.m2/repository/com/google/guava/failureaccess/1.0.2/failureaccess-1.0.2.jar:/Users/aaradhy_sharma/.m2/repository/com/google/guava/listenablefuture/9999.0-empty-to-avoid-conflict-with-guava/listenablefuture-9999.0-empty-to-avoid-conflict-with-guava.jar:/Users/aaradhy_sharma/.m2/repository/com/google/code/findbugs/jsr305/3.0.2/jsr305-3.0.2.jar:/Users/aaradhy_sharma/.m2/repository/org/checkerframework/checker-qual/3.41.0/checker-qual-3.41.0.jar:/Users/aaradhy_sharma/.m2/repository/com/google/errorprone/error_prone_annotations/2.23.0/error_prone_annotations-2.23.0.jar:/Users/aaradhy_sharma/.m2/repository/com/google/j2objc/j2objc-annotations/2.8/j2objc-annotations-2.8.jar:/Users/aaradhy_sharma/.m2/repository/io/opentelemetry/semconv/opentelemetry-semconv/1.23.1-alpha/opentelemetry-semconv-1.23.1-alpha.jar:/Users/aaradhy_sharma/.m2/repository/io/opentelemetry/opentelemetry-api/1.35.0/opentelemetry-api-1.35.0.jar:/Users/aaradhy_sharma/.m2/repository/io/opentelemetry/opentelemetry-context/1.35.0/opentelemetry-context-1.35.0.jar:/Users/aaradhy_sharma/.m2/repository/io/opentelemetry/opentelemetry-exporter-logging/1.35.0/opentelemetry-exporter-logging-1.35.0.jar:/Users/aaradhy_sharma/.m2/repository/io/opentelemetry/opentelemetry-sdk-common/1.35.0/opentelemetry-sdk-common-1.35.0.jar:/Users/aaradhy_sharma/.m2/repository/io/opentelemetry/opentelemetry-sdk-extension-autoconfigure-spi/1.35.0/opentelemetry-sdk-extension-autoconfigure-spi-1.35.0.jar:/Users/aaradhy_sharma/.m2/repository/io/opentelemetry/opentelemetry-sdk-extension-autoconfigure/1.35.0/opentelemetry-sdk-extension-autoconfigure-1.35.0.jar:/Users/aaradhy_sharma/.m2/repository/io/opentelemetry/opentelemetry-api-events/1.35.0-alpha/opentelemetry-api-events-1.35.0-alpha.jar:/Users/aaradhy_sharma/.m2/repository/io/opentelemetry/opentelemetry-sdk-trace/1.35.0/opentelemetry-sdk-trace-1.35.0.jar:/Users/aaradhy_sharma/.m2/repository/io/opentelemetry/opentelemetry-extension-incubator/1.35.0-alpha/opentelemetry-extension-incubator-1.35.0-alpha.jar:/Users/aaradhy_sharma/.m2/repository/io/opentelemetry/opentelemetry-sdk/1.35.0/opentelemetry-sdk-1.35.0.jar:/Users/aaradhy_sharma/.m2/repository/io/opentelemetry/opentelemetry-sdk-metrics/1.35.0/opentelemetry-sdk-metrics-1.35.0.jar:/Users/aaradhy_sharma/.m2/repository/io/opentelemetry/opentelemetry-sdk-logs/1.35.0/opentelemetry-sdk-logs-1.35.0.jar:/Users/aaradhy_sharma/.m2/repository/net/bytebuddy/byte-buddy/1.14.12/byte-buddy-1.14.12.jar:/Users/aaradhy_sharma/.m2/repository/org/seleniumhq/selenium/selenium-os/4.18.1/selenium-os-4.18.1.jar:/Users/aaradhy_sharma/.m2/repository/org/apache/commons/commons-exec/1.3/commons-exec-1.3.jar:/Users/aaradhy_sharma/.m2/repository/org/seleniumhq/selenium/selenium-safari-driver/4.18.1/selenium-safari-driver-4.18.1.jar:/Users/aaradhy_sharma/.m2/repository/org/seleniumhq/selenium/selenium-support/4.18.1/selenium-support-4.18.1.jar:/Users/aaradhy_sharma/.m2/repository/junit/junit/4.13.2/junit-4.13.2.jar:/Users/aaradhy_sharma/.m2/repository/org/hamcrest/hamcrest-core/1.3/hamcrest-core-1.3.jar:/Users/aaradhy_sharma/.m2/repository/org/slf4j/slf4j-api/2.0.12/slf4j-api-2.0.12.jar:/Users/aaradhy_sharma/.m2/repository/ch/qos/logback/logback-classic/1.5.3/logback-classic-1.5.3.jar:/Users/aaradhy_sharma/.m2/repository/ch/qos/logback/logback-core/1.5.3/logback-core-1.5.3.jar:/Users/aaradhy_sharma/.m2/repository/commons-io/commons-io/2.11.0/commons-io-2.11.0.jar:"/>
    <property name="java.vm.vendor" value="Homebrew"/>
    <property name="sun.arch.data.model" value="64"/>
    <property name="java.vendor.url" value="https://github.com/Homebrew/homebrew-core/issues"/>
    <property name="os.name" value="Mac OS X"/>
    <property name="java.vm.specification.version" value="23"/>
    <property name="sun.java.launcher" value="SUN_STANDARD"/>
    <property name="user.country" value="GB"/>
    <property name="sun.boot.library.path" value="/opt/homebrew/Cellar/openjdk/23.0.2/libexec/openjdk.jdk/Contents/Home/lib"/>
    <property name="sun.java.command" value="/Users/aaradhy_sharma/Desktop/spr25/swe/sel/snu-links-tests/target/surefire/surefirebooter-20250407074440047_3.jar /Users/aaradhy_sharma/Desktop/spr25/swe/sel/snu-links-tests/target/surefire 2025-04-07T07-44-40_002-jvmRun1 surefire-20250407074440047_1tmp surefire_0-20250407074440047_2tmp"/>
    <property name="http.nonProxyHosts" value="local|*.local|169.254/16|*.169.254/16"/>
    <property name="jdk.debug" value="release"/>
    <property name="surefire.test.class.path" value="/Users/aaradhy_sharma/Desktop/spr25/swe/sel/snu-links-tests/target/test-classes:/Users/aaradhy_sharma/Desktop/spr25/swe/sel/snu-links-tests/target/classes:/Users/aaradhy_sharma/.m2/repository/org/seleniumhq/selenium/selenium-java/4.18.1/selenium-java-4.18.1.jar:/Users/aaradhy_sharma/.m2/repository/org/seleniumhq/selenium/selenium-api/4.18.1/selenium-api-4.18.1.jar:/Users/aaradhy_sharma/.m2/repository/org/seleniumhq/selenium/selenium-chrome-driver/4.18.1/selenium-chrome-driver-4.18.1.jar:/Users/aaradhy_sharma/.m2/repository/com/google/auto/service/auto-service-annotations/1.1.1/auto-service-annotations-1.1.1.jar:/Users/aaradhy_sharma/.m2/repository/org/seleniumhq/selenium/selenium-chromium-driver/4.18.1/selenium-chromium-driver-4.18.1.jar:/Users/aaradhy_sharma/.m2/repository/org/seleniumhq/selenium/selenium-json/4.18.1/selenium-json-4.18.1.jar:/Users/aaradhy_sharma/.m2/repository/org/seleniumhq/selenium/selenium-manager/4.18.1/selenium-manager-4.18.1.jar:/Users/aaradhy_sharma/.m2/repository/org/seleniumhq/selenium/selenium-devtools-v120/4.18.1/selenium-devtools-v120-4.18.1.jar:/Users/aaradhy_sharma/.m2/repository/org/seleniumhq/selenium/selenium-devtools-v121/4.18.1/selenium-devtools-v121-4.18.1.jar:/Users/aaradhy_sharma/.m2/repository/org/seleniumhq/selenium/selenium-devtools-v122/4.18.1/selenium-devtools-v122-4.18.1.jar:/Users/aaradhy_sharma/.m2/repository/org/seleniumhq/selenium/selenium-devtools-v85/4.18.1/selenium-devtools-v85-4.18.1.jar:/Users/aaradhy_sharma/.m2/repository/org/seleniumhq/selenium/selenium-edge-driver/4.18.1/selenium-edge-driver-4.18.1.jar:/Users/aaradhy_sharma/.m2/repository/org/seleniumhq/selenium/selenium-firefox-driver/4.18.1/selenium-firefox-driver-4.18.1.jar:/Users/aaradhy_sharma/.m2/repository/org/seleniumhq/selenium/selenium-http/4.18.1/selenium-http-4.18.1.jar:/Users/aaradhy_sharma/.m2/repository/dev/failsafe/failsafe/3.3.2/failsafe-3.3.2.jar:/Users/aaradhy_sharma/.m2/repository/org/seleniumhq/selenium/selenium-ie-driver/4.18.1/selenium-ie-driver-4.18.1.jar:/Users/aaradhy_sharma/.m2/repository/org/seleniumhq/selenium/selenium-remote-driver/4.18.1/selenium-remote-driver-4.18.1.jar:/Users/aaradhy_sharma/.m2/repository/com/google/guava/guava/33.0.0-jre/guava-33.0.0-jre.jar:/Users/aaradhy_sharma/.m2/repository/com/google/guava/failureaccess/1.0.2/failureaccess-1.0.2.jar:/Users/aaradhy_sharma/.m2/repository/com/google/guava/listenablefuture/9999.0-empty-to-avoid-conflict-with-guava/listenablefuture-9999.0-empty-to-avoid-conflict-with-guava.jar:/Users/aaradhy_sharma/.m2/repository/com/google/code/findbugs/jsr305/3.0.2/jsr305-3.0.2.jar:/Users/aaradhy_sharma/.m2/repository/org/checkerframework/checker-qual/3.41.0/checker-qual-3.41.0.jar:/Users/aaradhy_sharma/.m2/repository/com/google/errorprone/error_prone_annotations/2.23.0/error_prone_annotations-2.23.0.jar:/Users/aaradhy_sharma/.m2/repository/com/google/j2objc/j2objc-annotations/2.8/j2objc-annotations-2.8.jar:/Users/aaradhy_sharma/.m2/repository/io/opentelemetry/semconv/opentelemetry-semconv/1.23.1-alpha/opentelemetry-semconv-1.23.1-alpha.jar:/Users/aaradhy_sharma/.m2/repository/io/opentelemetry/opentelemetry-api/1.35.0/opentelemetry-api-1.35.0.jar:/Users/aaradhy_sharma/.m2/repository/io/opentelemetry/opentelemetry-context/1.35.0/opentelemetry-context-1.35.0.jar:/Users/aaradhy_sharma/.m2/repository/io/opentelemetry/opentelemetry-exporter-logging/1.35.0/opentelemetry-exporter-logging-1.35.0.jar:/Users/aaradhy_sharma/.m2/repository/io/opentelemetry/opentelemetry-sdk-common/1.35.0/opentelemetry-sdk-common-1.35.0.jar:/Users/aaradhy_sharma/.m2/repository/io/opentelemetry/opentelemetry-sdk-extension-autoconfigure-spi/1.35.0/opentelemetry-sdk-extension-autoconfigure-spi-1.35.0.jar:/Users/aaradhy_sharma/.m2/repository/io/opentelemetry/opentelemetry-sdk-extension-autoconfigure/1.35.0/opentelemetry-sdk-extension-autoconfigure-1.35.0.jar:/Users/aaradhy_sharma/.m2/repository/io/opentelemetry/opentelemetry-api-events/1.35.0-alpha/opentelemetry-api-events-1.35.0-alpha.jar:/Users/aaradhy_sharma/.m2/repository/io/opentelemetry/opentelemetry-sdk-trace/1.35.0/opentelemetry-sdk-trace-1.35.0.jar:/Users/aaradhy_sharma/.m2/repository/io/opentelemetry/opentelemetry-extension-incubator/1.35.0-alpha/opentelemetry-extension-incubator-1.35.0-alpha.jar:/Users/aaradhy_sharma/.m2/repository/io/opentelemetry/opentelemetry-sdk/1.35.0/opentelemetry-sdk-1.35.0.jar:/Users/aaradhy_sharma/.m2/repository/io/opentelemetry/opentelemetry-sdk-metrics/1.35.0/opentelemetry-sdk-metrics-1.35.0.jar:/Users/aaradhy_sharma/.m2/repository/io/opentelemetry/opentelemetry-sdk-logs/1.35.0/opentelemetry-sdk-logs-1.35.0.jar:/Users/aaradhy_sharma/.m2/repository/net/bytebuddy/byte-buddy/1.14.12/byte-buddy-1.14.12.jar:/Users/aaradhy_sharma/.m2/repository/org/seleniumhq/selenium/selenium-os/4.18.1/selenium-os-4.18.1.jar:/Users/aaradhy_sharma/.m2/repository/org/apache/commons/commons-exec/1.3/commons-exec-1.3.jar:/Users/aaradhy_sharma/.m2/repository/org/seleniumhq/selenium/selenium-safari-driver/4.18.1/selenium-safari-driver-4.18.1.jar:/Users/aaradhy_sharma/.m2/repository/org/seleniumhq/selenium/selenium-support/4.18.1/selenium-support-4.18.1.jar:/Users/aaradhy_sharma/.m2/repository/junit/junit/4.13.2/junit-4.13.2.jar:/Users/aaradhy_sharma/.m2/repository/org/hamcrest/hamcrest-core/1.3/hamcrest-core-1.3.jar:/Users/aaradhy_sharma/.m2/repository/org/slf4j/slf4j-api/2.0.12/slf4j-api-2.0.12.jar:/Users/aaradhy_sharma/.m2/repository/ch/qos/logback/logback-classic/1.5.3/logback-classic-1.5.3.jar:/Users/aaradhy_sharma/.m2/repository/ch/qos/logback/logback-core/1.5.3/logback-core-1.5.3.jar:/Users/aaradhy_sharma/.m2/repository/commons-io/commons-io/2.11.0/commons-io-2.11.0.jar:"/>
    <property name="sun.cpu.endian" value="little"/>
    <property name="user.home" value="/Users/aaradhy_sharma"/>
    <property name="user.language" value="en"/>
    <property name="java.specification.vendor" value="Oracle Corporation"/>
    <property name="java.version.date" value="2025-01-21"/>
    <property name="java.home" value="/opt/homebrew/Cellar/openjdk/23.0.2/libexec/openjdk.jdk/Contents/Home"/>
    <property name="file.separator" value="/"/>
    <property name="basedir" value="/Users/aaradhy_sharma/Desktop/spr25/swe/sel/snu-links-tests"/>
    <property name="java.vm.compressedOopsMode" value="Zero based"/>
    <property name="line.separator" value="&#10;"/>
    <property name="java.vm.specification.vendor" value="Oracle Corporation"/>
    <property name="java.specification.name" value="Java Platform API Specification"/>
    <property name="apple.awt.application.name" value="ForkedBooter"/>
    <property name="surefire.real.class.path" value="/Users/aaradhy_sharma/Desktop/spr25/swe/sel/snu-links-tests/target/surefire/surefirebooter-20250407074440047_3.jar"/>
    <property name="sun.management.compiler" value="HotSpot 64-Bit Tiered Compilers"/>
    <property name="ftp.nonProxyHosts" value="local|*.local|169.254/16|*.169.254/16"/>
    <property name="java.runtime.version" value="23.0.2"/>
    <property name="user.name" value="aaradhy_sharma"/>
    <property name="stdout.encoding" value="UTF-8"/>
    <property name="path.separator" value=":"/>
    <property name="os.version" value="15.3.1"/>
    <property name="java.runtime.name" value="OpenJDK Runtime Environment"/>
    <property name="file.encoding" value="UTF-8"/>
    <property name="java.vm.name" value="OpenJDK 64-Bit Server VM"/>
    <property name="java.vendor.version" value="Homebrew"/>
    <property name="localRepository" value="/Users/aaradhy_sharma/.m2/repository"/>
    <property name="java.vendor.url.bug" value="https://github.com/Homebrew/homebrew-core/issues"/>
    <property name="java.io.tmpdir" value="/var/folders/zt/k5r2v2js7cz85wc9cykfmb6r0000gn/T/"/>
    <property name="java.version" value="23.0.2"/>
    <property name="user.dir" value="/Users/aaradhy_sharma/Desktop/spr25/swe/sel/snu-links-tests"/>
    <property name="os.arch" value="aarch64"/>
    <property name="java.vm.specification.name" value="Java Virtual Machine Specification"/>
    <property name="native.encoding" value="UTF-8"/>
    <property name="java.library.path" value="/Users/aaradhy_sharma/Library/Java/Extensions:/Library/Java/Extensions:/Network/Library/Java/Extensions:/System/Library/Java/Extensions:/usr/lib/java:."/>
    <property name="java.vm.info" value="mixed mode, sharing"/>
    <property name="stderr.encoding" value="UTF-8"/>
    <property name="java.vendor" value="Homebrew"/>
    <property name="java.vm.version" value="23.0.2"/>
    <property name="sun.io.unicode.encoding" value="UnicodeBig"/>
    <property name="socksNonProxyHosts" value="local|*.local|169.254/16|*.169.254/16"/>
    <property name="java.class.version" value="67.0"/>
  </properties>
  <testcase name="testFooterAcademicResearchLinkIsPresent" classname="com.snu.testing.SNULinksTests" time="3.594">
    <system-out><![CDATA[07:44:40.411 [main] INFO  com.snu.testing.SNULinksTests - Setting up WebDriver and WebDriverWait...
07:44:42.228 [main] DEBUG com.snu.testing.SNULinksTests - ChromeDriver initialized.
07:44:42.611 [main] DEBUG com.snu.testing.SNULinksTests - WebDriverWait initialized with 20 second timeout.
07:44:42.611 [main] INFO  com.snu.testing.SNULinksTests - Navigating to base URL: https://snulinks.snu.edu.in/
07:44:43.301 [main] DEBUG com.snu.testing.SNULinksTests - Waiting for page body to be present...
07:44:43.321 [main] INFO  com.snu.testing.SNULinksTests - Base URL loaded and body tag found.
07:44:43.321 [main] INFO  com.snu.testing.SNULinksTests - Starting test: testFooterAcademicResearchLinkIsPresent
07:44:43.321 [main] DEBUG com.snu.testing.SNULinksTests - Waiting for Academic Research link visibility: By.linkText: Academic Research
07:44:43.542 [main] DEBUG com.snu.testing.SNULinksTests - Scrolled to bottom of page.
07:44:43.566 [main] INFO  com.snu.testing.SNULinksTests - Academic Research link found and visible.
07:44:43.576 [main] INFO  com.snu.testing.SNULinksTests - Test Passed: testFooterAcademicResearchLinkIsPresent
07:44:43.584 [main] DEBUG com.snu.testing.SNULinksTests - Highlighted element with green: [[ChromeDriver: chrome on mac (616e65ae8cf4dd5a943306901f9a1ab7)] -> link text: Academic Research]
07:44:43.786 [main] INFO  com.snu.testing.SNULinksTests - Screenshot saved to: /Users/aaradhy_sharma/Desktop/spr25/swe/sel/snu-links-tests/target/screenshots/testFooterAcademicResearchLinkIsPresent_PASS_20250407_074443.png
07:44:43.791 [main] DEBUG com.snu.testing.SNULinksTests - Unhighlighted element: [[ChromeDriver: chrome on mac (616e65ae8cf4dd5a943306901f9a1ab7)] -> link text: Academic Research]
07:44:43.791 [main] INFO  com.snu.testing.SNULinksTests - Tearing down WebDriver...
07:44:43.881 [main] INFO  com.snu.testing.SNULinksTests - WebDriver quit successfully.
]]></system-out>
    <system-err><![CDATA[Apr 07, 2025 7:44:42 AM org.openqa.selenium.devtools.CdpVersionFinder findNearestMatch
WARNING: Unable to find CDP implementation matching 135
Apr 07, 2025 7:44:42 AM org.openqa.selenium.chromium.ChromiumDriver lambda$new$5
WARNING: Unable to find version of CDP to use for 135.0.7049.42. You may need to include a dependency on a specific version of the CDP using something similar to `org.seleniumhq.selenium:selenium-devtools-v86:4.18.1` where the version ("v86") matches the version of the chromium-based browser you're using and the version number of the artifact is the same as Selenium's.
]]></system-err>
  </testcase>
  <testcase name="testUniversityErpLinkIsPresent" classname="com.snu.testing.SNULinksTests" time="2.083">
    <system-out><![CDATA[07:44:43.882 [main] INFO  com.snu.testing.SNULinksTests - Setting up WebDriver and WebDriverWait...
07:44:44.712 [main] DEBUG com.snu.testing.SNULinksTests - ChromeDriver initialized.
07:44:45.091 [main] DEBUG com.snu.testing.SNULinksTests - WebDriverWait initialized with 20 second timeout.
07:44:45.092 [main] INFO  com.snu.testing.SNULinksTests - Navigating to base URL: https://snulinks.snu.edu.in/
07:44:45.453 [main] DEBUG com.snu.testing.SNULinksTests - Waiting for page body to be present...
07:44:45.644 [main] INFO  com.snu.testing.SNULinksTests - Base URL loaded and body tag found.
07:44:45.645 [main] INFO  com.snu.testing.SNULinksTests - Starting test: testUniversityErpLinkIsPresent
07:44:45.645 [main] DEBUG com.snu.testing.SNULinksTests - Waiting for University ERP link visibility: By.xpath: //a[contains(normalize-space(), 'University ERP')]
07:44:45.662 [main] INFO  com.snu.testing.SNULinksTests - University ERP link found and visible.
07:44:45.670 [main] INFO  com.snu.testing.SNULinksTests - Test Passed: testUniversityErpLinkIsPresent
07:44:45.677 [main] DEBUG com.snu.testing.SNULinksTests - Highlighted element with green: [[ChromeDriver: chrome on mac (47e24a6fff1ac778bc938c37ffd669b8)] -> xpath: //a[contains(normalize-space(), 'University ERP')]]
07:44:45.868 [main] INFO  com.snu.testing.SNULinksTests - Screenshot saved to: /Users/aaradhy_sharma/Desktop/spr25/swe/sel/snu-links-tests/target/screenshots/testUniversityErpLinkIsPresent_PASS_20250407_074445.png
07:44:45.873 [main] DEBUG com.snu.testing.SNULinksTests - Unhighlighted element: [[ChromeDriver: chrome on mac (47e24a6fff1ac778bc938c37ffd669b8)] -> xpath: //a[contains(normalize-space(), 'University ERP')]]
07:44:45.873 [main] INFO  com.snu.testing.SNULinksTests - Tearing down WebDriver...
07:44:45.963 [main] INFO  com.snu.testing.SNULinksTests - WebDriver quit successfully.
]]></system-out>
    <system-err><![CDATA[Apr 07, 2025 7:44:44 AM org.openqa.selenium.devtools.CdpVersionFinder findNearestMatch
WARNING: Unable to find CDP implementation matching 135
Apr 07, 2025 7:44:44 AM org.openqa.selenium.chromium.ChromiumDriver lambda$new$5
WARNING: Unable to find version of CDP to use for 135.0.7049.42. You may need to include a dependency on a specific version of the CDP using something similar to `org.seleniumhq.selenium:selenium-devtools-v86:4.18.1` where the version ("v86") matches the version of the chromium-based browser you're using and the version number of the artifact is the same as Selenium's.
]]></system-err>
  </testcase>
  <testcase name="testFooterCopyrightText" classname="com.snu.testing.SNULinksTests" time="2.106">
    <system-out><![CDATA[07:44:45.964 [main] INFO  com.snu.testing.SNULinksTests - Setting up WebDriver and WebDriverWait...
07:44:46.779 [main] DEBUG com.snu.testing.SNULinksTests - ChromeDriver initialized.
07:44:47.155 [main] DEBUG com.snu.testing.SNULinksTests - WebDriverWait initialized with 20 second timeout.
07:44:47.155 [main] INFO  com.snu.testing.SNULinksTests - Navigating to base URL: https://snulinks.snu.edu.in/
07:44:47.555 [main] DEBUG com.snu.testing.SNULinksTests - Waiting for page body to be present...
07:44:47.564 [main] INFO  com.snu.testing.SNULinksTests - Base URL loaded and body tag found.
07:44:47.566 [main] INFO  com.snu.testing.SNULinksTests - Starting test: testFooterCopyrightText
07:44:47.566 [main] DEBUG com.snu.testing.SNULinksTests - Waiting for copyright text presence/visibility: By.cssSelector: footer p.text-center.text-white
07:44:47.747 [main] DEBUG com.snu.testing.SNULinksTests - Scrolled to bottom of page.
07:44:47.756 [main] INFO  com.snu.testing.SNULinksTests - Copyright element found in DOM.
07:44:47.761 [main] DEBUG com.snu.testing.SNULinksTests - Scrolled copyright element into view.
07:44:47.771 [main] INFO  com.snu.testing.SNULinksTests - Copyright element is visible.
07:44:47.790 [main] DEBUG com.snu.testing.SNULinksTests - Actual copyright text: © 2025 - Shiv Nadar (Institution of Eminence Deemed to be University).
07:44:47.790 [main] INFO  com.snu.testing.SNULinksTests - Test Passed: testFooterCopyrightText
07:44:47.798 [main] DEBUG com.snu.testing.SNULinksTests - Highlighted element with green: [[ChromeDriver: chrome on mac (1ff208fe7243840b40554ad3e1cfa0c3)] -> css selector: footer p.text-center.text-white]
07:44:47.979 [main] INFO  com.snu.testing.SNULinksTests - Screenshot saved to: /Users/aaradhy_sharma/Desktop/spr25/swe/sel/snu-links-tests/target/screenshots/testFooterCopyrightText_PASS_20250407_074447.png
07:44:47.984 [main] DEBUG com.snu.testing.SNULinksTests - Unhighlighted element: [[ChromeDriver: chrome on mac (1ff208fe7243840b40554ad3e1cfa0c3)] -> css selector: footer p.text-center.text-white]
07:44:47.984 [main] INFO  com.snu.testing.SNULinksTests - Tearing down WebDriver...
07:44:48.071 [main] INFO  com.snu.testing.SNULinksTests - WebDriver quit successfully.
]]></system-out>
    <system-err><![CDATA[Apr 07, 2025 7:44:46 AM org.openqa.selenium.devtools.CdpVersionFinder findNearestMatch
WARNING: Unable to find CDP implementation matching 135
Apr 07, 2025 7:44:46 AM org.openqa.selenium.chromium.ChromiumDriver lambda$new$5
WARNING: Unable to find version of CDP to use for 135.0.7049.42. You may need to include a dependency on a specific version of the CDP using something similar to `org.seleniumhq.selenium:selenium-devtools-v86:4.18.1` where the version ("v86") matches the version of the chromium-based browser you're using and the version number of the artifact is the same as Selenium's.
]]></system-err>
  </testcase>
  <testcase name="testHomePageTitle" classname="com.snu.testing.SNULinksTests" time="1.897">
    <system-out><![CDATA[07:44:48.071 [main] INFO  com.snu.testing.SNULinksTests - Setting up WebDriver and WebDriverWait...
07:44:48.903 [main] DEBUG com.snu.testing.SNULinksTests - ChromeDriver initialized.
07:44:49.282 [main] DEBUG com.snu.testing.SNULinksTests - WebDriverWait initialized with 20 second timeout.
07:44:49.282 [main] INFO  com.snu.testing.SNULinksTests - Navigating to base URL: https://snulinks.snu.edu.in/
07:44:49.511 [main] DEBUG com.snu.testing.SNULinksTests - Waiting for page body to be present...
07:44:49.519 [main] INFO  com.snu.testing.SNULinksTests - Base URL loaded and body tag found.
07:44:49.520 [main] INFO  com.snu.testing.SNULinksTests - Starting test: testHomePageTitle
07:44:49.520 [main] DEBUG com.snu.testing.SNULinksTests - Waiting for title to be 'SNULinks'
07:44:49.694 [main] INFO  com.snu.testing.SNULinksTests - Actual title found: 'SNULinks'
07:44:49.694 [main] INFO  com.snu.testing.SNULinksTests - Test Passed: testHomePageTitle
07:44:49.882 [main] INFO  com.snu.testing.SNULinksTests - Screenshot saved to: /Users/aaradhy_sharma/Desktop/spr25/swe/sel/snu-links-tests/target/screenshots/testHomePageTitle_PASS_20250407_074449.png
07:44:49.882 [main] INFO  com.snu.testing.SNULinksTests - Tearing down WebDriver...
07:44:49.968 [main] INFO  com.snu.testing.SNULinksTests - WebDriver quit successfully.
]]></system-out>
    <system-err><![CDATA[Apr 07, 2025 7:44:48 AM org.openqa.selenium.devtools.CdpVersionFinder findNearestMatch
WARNING: Unable to find CDP implementation matching 135
Apr 07, 2025 7:44:48 AM org.openqa.selenium.chromium.ChromiumDriver lambda$new$5
WARNING: Unable to find version of CDP to use for 135.0.7049.42. You may need to include a dependency on a specific version of the CDP using something similar to `org.seleniumhq.selenium:selenium-devtools-v86:4.18.1` where the version ("v86") matches the version of the chromium-based browser you're using and the version number of the artifact is the same as Selenium's.
]]></system-err>
  </testcase>
  <testcase name="testLoginLinkIsPresent" classname="com.snu.testing.SNULinksTests" time="2.046">
    <system-out><![CDATA[07:44:49.968 [main] INFO  com.snu.testing.SNULinksTests - Setting up WebDriver and WebDriverWait...
07:44:50.753 [main] DEBUG com.snu.testing.SNULinksTests - ChromeDriver initialized.
07:44:51.133 [main] DEBUG com.snu.testing.SNULinksTests - WebDriverWait initialized with 20 second timeout.
07:44:51.133 [main] INFO  com.snu.testing.SNULinksTests - Navigating to base URL: https://snulinks.snu.edu.in/
07:44:51.503 [main] DEBUG com.snu.testing.SNULinksTests - Waiting for page body to be present...
07:44:51.511 [main] INFO  com.snu.testing.SNULinksTests - Base URL loaded and body tag found.
07:44:51.513 [main] INFO  com.snu.testing.SNULinksTests - Starting test: testLoginLinkIsPresent
07:44:51.513 [main] DEBUG com.snu.testing.SNULinksTests - Waiting for Login link visibility: By.xpath: //a[contains(@class, 'login-btn') or contains(normalize-space(), 'Login')]
07:44:51.701 [main] INFO  com.snu.testing.SNULinksTests - Login link found and visible.
07:44:51.709 [main] INFO  com.snu.testing.SNULinksTests - Test Passed: testLoginLinkIsPresent
07:44:51.720 [main] DEBUG com.snu.testing.SNULinksTests - Highlighted element with green: [[ChromeDriver: chrome on mac (092eb46c61f47988412d5173e10555ab)] -> xpath: //a[contains(@class, 'login-btn') or contains(normalize-space(), 'Login')]]
07:44:51.922 [main] INFO  com.snu.testing.SNULinksTests - Screenshot saved to: /Users/aaradhy_sharma/Desktop/spr25/swe/sel/snu-links-tests/target/screenshots/testLoginLinkIsPresent_PASS_20250407_074451.png
07:44:51.927 [main] DEBUG com.snu.testing.SNULinksTests - Unhighlighted element: [[ChromeDriver: chrome on mac (092eb46c61f47988412d5173e10555ab)] -> xpath: //a[contains(@class, 'login-btn') or contains(normalize-space(), 'Login')]]
07:44:51.927 [main] INFO  com.snu.testing.SNULinksTests - Tearing down WebDriver...
07:44:52.014 [main] INFO  com.snu.testing.SNULinksTests - WebDriver quit successfully.
]]></system-out>
    <system-err><![CDATA[Apr 07, 2025 7:44:50 AM org.openqa.selenium.devtools.CdpVersionFinder findNearestMatch
WARNING: Unable to find CDP implementation matching 135
Apr 07, 2025 7:44:50 AM org.openqa.selenium.chromium.ChromiumDriver lambda$new$5
WARNING: Unable to find version of CDP to use for 135.0.7049.42. You may need to include a dependency on a specific version of the CDP using something similar to `org.seleniumhq.selenium:selenium-devtools-v86:4.18.1` where the version ("v86") matches the version of the chromium-based browser you're using and the version number of the artifact is the same as Selenium's.
]]></system-err>
  </testcase>
</testsuite>